Init CONV (n,c,h,w): 8,32,224,224
CONV output (h, w): 55,55
Init ReLU (n,c,h,w): 8,64,55,55
Init POOL (n,c,h,w): 8,64,55,55
POOL output (h, w): 27,27
Init CONV (n,c,h,w): 8,64,27,27
CONV output (h, w): 27,27
Init ReLU (n,c,h,w): 8,192,27,27
Init POOL (n,c,h,w): 8,192,27,27
POOL output (h, w): 13,13
Init CONV (n,c,h,w): 8,192,13,13
CONV output (h, w): 13,13
Init ReLU (n,c,h,w): 8,384,13,13
Init CONV (n,c,h,w): 8,384,13,13
CONV output (h, w): 13,13
Init ReLU (n,c,h,w): 8,256,13,13
Init CONV (n,c,h,w): 8,256,13,13
CONV output (h, w): 13,13
Init ReLU (n,c,h,w): 8,256,13,13
Init POOL (n,c,h,w): 8,256,13,13
POOL output (h, w): 6,6
Init FC (n,in,out): 8,43264,4096
Init FC (n,in,out): 8,4096,4096
Init FC (n,in,out): 8,4096,1000
=============================
Forward CONV (ms): 1.578
Forward ReLU (ms): 0.048
Forward Pooling (ms): 0.026
Forward CONV (ms): 0.410
Forward ReLU (ms): 0.016
Forward Pooling (ms): 0.010
Forward CONV (ms): 0.297
Forward ReLU (ms): 0.010
Forward CONV (ms): 0.570
Forward ReLU (ms): 0.008
Forward CONV (ms): 0.385
Forward ReLU (ms): 0.008
Forward Pooling (ms): 0.006
Forward FC (ms): 1.285
Forward FC (ms): 0.272
Forward FC (ms): 0.071
